Unity Editor version:    2021.3.21f1 (1b156197d683)
Branch:                  2021.3/staging
Build type:              Release
Batch mode:              YES
macOS version:           Version 13.2.1 (Build 22D68)
Darwin version:          22.3.0
Architecture:            arm64
Running under Rosetta:   NO
Available memory:        8192 MB
Using pre-set license
Pro License: YES

COMMAND LINE ARGUMENTS:
/Applications/Unity.app/Contents/MacOS/Unity
-adb2
-batchMode
-noUpm
-name
AssetImportWorker0
-projectPath
/Users/suresh/Human
-logFile
Logs/AssetImportWorker0.log
-srvPort
49353
Successfully changed project path to: /Users/suresh/Human
/Users/suresh/Human
[UnityMemory] Configuration Parameters - Can be set up in boot.config
    "memorysetup-bucket-allocator-granularity=16"
    "memorysetup-bucket-allocator-bucket-count=8"
    "memorysetup-bucket-allocator-block-size=33554432"
    "memorysetup-bucket-allocator-block-count=8"
    "memorysetup-main-allocator-block-size=16777216"
    "memorysetup-thread-allocator-block-size=16777216"
    "memorysetup-gfx-main-allocator-block-size=16777216"
    "memorysetup-gfx-thread-allocator-block-size=16777216"
    "memorysetup-cache-allocator-block-size=4194304"
    "memorysetup-typetree-allocator-block-size=2097152"
    "memorysetup-profiler-bucket-allocator-granularity=16"
    "memorysetup-profiler-bucket-allocator-bucket-count=8"
    "memorysetup-profiler-bucket-allocator-block-size=33554432"
    "memorysetup-profiler-bucket-allocator-block-count=8"
    "memorysetup-profiler-allocator-block-size=16777216"
    "memorysetup-profiler-editor-allocator-block-size=1048576"
    "memorysetup-temp-allocator-size-main=16777216"
    "memorysetup-job-temp-allocator-block-size=2097152"
    "memorysetup-job-temp-allocator-block-size-background=1048576"
    "memorysetup-job-temp-allocator-reduction-small-platforms=262144"
    "memorysetup-temp-allocator-size-background-worker=32768"
    "memorysetup-temp-allocator-size-job-worker=262144"
    "memorysetup-temp-allocator-size-preload-manager=33554432"
    "memorysetup-temp-allocator-size-nav-mesh-worker=65536"
    "memorysetup-temp-allocator-size-audio-worker=65536"
    "memorysetup-temp-allocator-size-cloud-worker=32768"
    "memorysetup-temp-allocator-size-gi-baking-worker=262144"
    "memorysetup-temp-allocator-size-gfx=262144"
Player connection [8641823040] Host "[IP] 10.0.0.66 [Port] 0 [Flags] 2 [Guid] 2657990696 [EditorId] 2657990696 [Version] 1048832 [Id] OSXEditor(0,Sureshs-MacBook-Air.local) [Debug] 1 [PackageName] OSXEditor [ProjectName] Editor" joined multi-casting on [225.0.0.222:54997]...

Player connection [8641823040] Host "[IP] 10.0.0.66 [Port] 0 [Flags] 2 [Guid] 2657990696 [EditorId] 2657990696 [Version] 1048832 [Id] OSXEditor(0,Sureshs-MacBook-Air.local) [Debug] 1 [PackageName] OSXEditor [ProjectName] Editor" joined alternative multi-casting on [225.0.0.222:34997]...

Refreshing native plugins compatible for Editor in 68.93 ms, found 2 plugins.
Preloading 0 native plugins for Editor in 0.00 ms.
Initialize engine version: 2021.3.21f1 (1b156197d683)
[Subsystems] Discovering subsystems at path /Applications/Unity.app/Contents/Resources/UnitySubsystems
[Subsystems] Discovering subsystems at path /Users/suresh/Human/Assets
GfxDevice: creating device client; threaded=0; jobified=0
 preferred device: Apple M1 (high power)
Metal devices available: 1
0: Apple M1 (high power)
Using device Apple M1 (high power)
Initializing Metal device caps: Apple M1
Initialize mono
Mono path[0] = '/Applications/Unity.app/Contents/Managed'
Mono path[1] = '/Applications/Unity.app/Contents/MonoBleedingEdge/lib/mono/unityjit-macos'
Mono config path = '/Applications/Unity.app/Contents/MonoBleedingEdge/etc'
Using monoOptions --debugger-agent=transport=dt_socket,embedding=1,server=y,suspend=n,address=127.0.0.1:56381
Begin MonoManager ReloadAssembly
Registering precompiled unity dll's ...
Register platform support module: /Applications/Unity.app/Contents/PlaybackEngines/MacStandaloneSupport/UnityEditor.OSXStandalone.Extensions.dll
Registered in 0.000330 seconds.
Native extension for OSXStandalone target not found
Refreshing native plugins compatible for Editor in 73.96 ms, found 2 plugins.
Preloading 0 native plugins for Editor in 0.00 ms.
Mono: successfully reloaded assembly
- Completed reload, in  0.424 seconds
Domain Reload Profiling:
	ReloadAssembly (425ms)
		BeginReloadAssembly (42ms)
			ExecutionOrderSort (0ms)
			DisableScriptedObjects (0ms)
			BackupInstance (0ms)
			ReleaseScriptingObjects (0ms)
			CreateAndSetChildDomain (0ms)
		EndReloadAssembly (323ms)
			LoadAssemblies (41ms)
			RebuildTransferFunctionScriptingTraits (0ms)
			SetupTypeCache (78ms)
			ReleaseScriptCaches (0ms)
			RebuildScriptCaches (22ms)
			SetupLoadedEditorAssemblies (193ms)
				LogAssemblyErrors (0ms)
				InitializePlatformSupportModulesInManaged (4ms)
				SetLoadedEditorAssemblies (0ms)
				RefreshPlugins (74ms)
				BeforeProcessingInitializeOnLoad (1ms)
				ProcessInitializeOnLoadAttributes (87ms)
				ProcessInitializeOnLoadMethodAttributes (27ms)
				AfterProcessingInitializeOnLoad (0ms)
				EditorAssembliesLoaded (0ms)
			ExecutionOrderSort2 (0ms)
			AwakeInstancesAfterBackupRestoration (0ms)
Platform modules already initialized, skipping
Registering precompiled user dll's ...
Registered in 0.001443 seconds.
Begin MonoManager ReloadAssembly
Symbol file LoadedFromMemory doesn't match image /Users/suresh/Human/Library/PackageCache/com.unity.visualscripting@1.8.0/Editor/VisualScripting.Core/Dependencies/YamlDotNet/Unity.VisualScripting.YamlDotNet.dll
Symbol file LoadedFromMemory doesn't match image /Users/suresh/Human/Library/PackageCache/com.unity.visualscripting@1.8.0/Editor/VisualScripting.Core/Dependencies/DotNetZip/Unity.VisualScripting.IonicZip.dll
Native extension for OSXStandalone target not found
Refreshing native plugins compatible for Editor in 0.23 ms, found 2 plugins.
Preloading 0 native plugins for Editor in 0.00 ms.
Mono: successfully reloaded assembly
- Completed reload, in  0.589 seconds
Domain Reload Profiling:
	ReloadAssembly (590ms)
		BeginReloadAssembly (64ms)
			ExecutionOrderSort (0ms)
			DisableScriptedObjects (3ms)
			BackupInstance (0ms)
			ReleaseScriptingObjects (0ms)
			CreateAndSetChildDomain (15ms)
		EndReloadAssembly (466ms)
			LoadAssemblies (52ms)
			RebuildTransferFunctionScriptingTraits (0ms)
			SetupTypeCache (178ms)
			ReleaseScriptCaches (0ms)
			RebuildScriptCaches (34ms)
			SetupLoadedEditorAssemblies (185ms)
				LogAssemblyErrors (0ms)
				InitializePlatformSupportModulesInManaged (2ms)
				SetLoadedEditorAssemblies (0ms)
				RefreshPlugins (0ms)
				BeforeProcessingInitializeOnLoad (50ms)
				ProcessInitializeOnLoadAttributes (122ms)
				ProcessInitializeOnLoadMethodAttributes (10ms)
				AfterProcessingInitializeOnLoad (1ms)
				EditorAssembliesLoaded (0ms)
			ExecutionOrderSort2 (0ms)
			AwakeInstancesAfterBackupRestoration (2ms)
Platform modules already initialized, skipping
========================================================================
Worker process is ready to serve import requests
Launching external process: /Applications/Unity.app/Contents/Tools/UnityShaderCompiler
Launched and connected shader compiler UnityShaderCompiler after 0.05 seconds
Refreshing native plugins compatible for Editor in 0.39 ms, found 2 plugins.
Preloading 0 native plugins for Editor in 0.00 ms.
Unloading 3048 Unused Serialized files (Serialized files now loaded: 0)
Unloading 24 unused Assets / (213.2 KB). Loaded Objects now: 3508.
Memory consumption went from 102.5 MB to 102.3 MB.
Total: 2.075125 ms (FindLiveObjects: 0.102292 ms CreateObjectMapping: 0.035000 ms MarkObjects: 1.870042 ms  DeleteObjects: 0.067042 ms)

AssetImportParameters requested are different than current active one (requested -> active):
  custom:video-decoder-ogg-theora: a1e56fd34408186e4bbccfd4996cb3dc -> 
  custom:container-muxer-webm: aa71ff27fc2769a1b78a27578f13a17b -> 
  custom:container-demuxer-webm: 4f35f7cbe854078d1ac9338744f61a02 -> 
  custom:video-encoder-webm-vp8: eb34c28f22e8b96e1ab97ce403110664 -> 
  custom:framework-osx-AVFoundation: e770b220cccbd017edd2c1fefb359320 -> 
  custom:audio-encoder-webm-vorbis: bf7c407c2cedff20999df2af8eb42d56 -> 
  custom:container-demuxer-ogg: 62fdf1f143b41e24485cea50d1cbac27 -> 
  custom:video-decoder-webm-vp8: 9c59270c3fd7afecdb556c50c9e8de78 -> 
  custom:audio-decoder-ogg-vorbis: bf7c407c2cedff20999df2af8eb42d56 -> 
========================================================================
Received Import Request.
  Time since last request: 255.803203 seconds.
  path: Assets/plane.mat
  artifactKey: Guid(f3af90d70c8b44da58f3a708c6c387c8) Importer(815301076,1909f56bfc062723c751e8b465ee728b)
Start importing Assets/plane.mat using Guid(f3af90d70c8b44da58f3a708c6c387c8) Importer(815301076,1909f56bfc062723c751e8b465ee728b)  -> (artifact id: '648a22991882c0297b62b398632e2b1e') in 0.494574 seconds 
========================================================================
Received Import Request.
  Time since last request: 396.736423 seconds.
  path: Assets/PBR Table/_Models/PBR_Table.fbx
  artifactKey: Guid(a28068c718c3c144c90420aa97cf5f61) Importer(815301076,1909f56bfc062723c751e8b465ee728b)
Start importing Assets/PBR Table/_Models/PBR_Table.fbx using Guid(a28068c718c3c144c90420aa97cf5f61) Importer(815301076,1909f56bfc062723c751e8b465ee728b)  -> (artifact id: '7fa3ae1f85c59ceb24f44c07a8cd2c7f') in 0.222660 seconds 
========================================================================
Received Prepare
Registering precompiled user dll's ...
Registered in 0.001283 seconds.
Begin MonoManager ReloadAssembly
Thread 0x289d0f000 may have been prematurely finalized
Symbol file LoadedFromMemory doesn't match image /Users/suresh/Human/Library/PackageCache/com.unity.visualscripting@1.8.0/Editor/VisualScripting.Core/Dependencies/YamlDotNet/Unity.VisualScripting.YamlDotNet.dll
Symbol file LoadedFromMemory doesn't match image /Users/suresh/Human/Library/PackageCache/com.unity.visualscripting@1.8.0/Editor/VisualScripting.Core/Dependencies/DotNetZip/Unity.VisualScripting.IonicZip.dll
Native extension for OSXStandalone target not found
Refreshing native plugins compatible for Editor in 0.69 ms, found 2 plugins.
Preloading 0 native plugins for Editor in 0.00 ms.
Mono: successfully reloaded assembly
- Completed reload, in  0.654 seconds
Domain Reload Profiling:
	ReloadAssembly (654ms)
		BeginReloadAssembly (120ms)
			ExecutionOrderSort (0ms)
			DisableScriptedObjects (3ms)
			BackupInstance (0ms)
			ReleaseScriptingObjects (0ms)
			CreateAndSetChildDomain (56ms)
		EndReloadAssembly (475ms)
			LoadAssemblies (49ms)
			RebuildTransferFunctionScriptingTraits (0ms)
			SetupTypeCache (200ms)
			ReleaseScriptCaches (1ms)
			RebuildScriptCaches (28ms)
			SetupLoadedEditorAssemblies (178ms)
				LogAssemblyErrors (0ms)
				InitializePlatformSupportModulesInManaged (2ms)
				SetLoadedEditorAssemblies (0ms)
				RefreshPlugins (1ms)
				BeforeProcessingInitializeOnLoad (39ms)
				ProcessInitializeOnLoadAttributes (122ms)
				ProcessInitializeOnLoadMethodAttributes (13ms)
				AfterProcessingInitializeOnLoad (1ms)
				EditorAssembliesLoaded (0ms)
			ExecutionOrderSort2 (0ms)
			AwakeInstancesAfterBackupRestoration (3ms)
Platform modules already initialized, skipping
Refreshing native plugins compatible for Editor in 0.98 ms, found 2 plugins.
Preloading 0 native plugins for Editor in 0.00 ms.
Unloading 3043 Unused Serialized files (Serialized files now loaded: 0)
Unloading 17 unused Assets / (64.7 KB). Loaded Objects now: 3555.
Memory consumption went from 113.1 MB to 113.1 MB.
Total: 2.764208 ms (FindLiveObjects: 0.172250 ms CreateObjectMapping: 0.040500 ms MarkObjects: 2.471084 ms  DeleteObjects: 0.079250 ms)

AssetImportParameters requested are different than current active one (requested -> active):
  custom:video-decoder-ogg-theora: a1e56fd34408186e4bbccfd4996cb3dc -> 
  custom:container-muxer-webm: aa71ff27fc2769a1b78a27578f13a17b -> 
  custom:container-demuxer-webm: 4f35f7cbe854078d1ac9338744f61a02 -> 
  custom:video-encoder-webm-vp8: eb34c28f22e8b96e1ab97ce403110664 -> 
  custom:framework-osx-AVFoundation: e770b220cccbd017edd2c1fefb359320 -> 
  custom:audio-encoder-webm-vorbis: bf7c407c2cedff20999df2af8eb42d56 -> 
  custom:container-demuxer-ogg: 62fdf1f143b41e24485cea50d1cbac27 -> 
  custom:video-decoder-webm-vp8: 9c59270c3fd7afecdb556c50c9e8de78 -> 
  custom:audio-decoder-ogg-vorbis: bf7c407c2cedff20999df2af8eb42d56 -> 
========================================================================
Received Prepare
Registering precompiled user dll's ...
Registered in 0.001360 seconds.
Begin MonoManager ReloadAssembly
Thread 0x280773000 may have been prematurely finalized
Symbol file LoadedFromMemory doesn't match image /Users/suresh/Human/Library/PackageCache/com.unity.visualscripting@1.8.0/Editor/VisualScripting.Core/Dependencies/YamlDotNet/Unity.VisualScripting.YamlDotNet.dll
Symbol file LoadedFromMemory doesn't match image /Users/suresh/Human/Library/PackageCache/com.unity.visualscripting@1.8.0/Editor/VisualScripting.Core/Dependencies/DotNetZip/Unity.VisualScripting.IonicZip.dll
Native extension for OSXStandalone target not found
Refreshing native plugins compatible for Editor in 0.49 ms, found 2 plugins.
Preloading 0 native plugins for Editor in 0.00 ms.
Mono: successfully reloaded assembly
- Completed reload, in  0.640 seconds
Domain Reload Profiling:
	ReloadAssembly (640ms)
		BeginReloadAssembly (101ms)
			ExecutionOrderSort (0ms)
			DisableScriptedObjects (5ms)
			BackupInstance (0ms)
			ReleaseScriptingObjects (0ms)
			CreateAndSetChildDomain (40ms)
		EndReloadAssembly (481ms)
			LoadAssemblies (44ms)
			RebuildTransferFunctionScriptingTraits (0ms)
			SetupTypeCache (196ms)
			ReleaseScriptCaches (1ms)
			RebuildScriptCaches (33ms)
			SetupLoadedEditorAssemblies (179ms)
				LogAssemblyErrors (0ms)
				InitializePlatformSupportModulesInManaged (2ms)
				SetLoadedEditorAssemblies (0ms)
				RefreshPlugins (1ms)
				BeforeProcessingInitializeOnLoad (39ms)
				ProcessInitializeOnLoadAttributes (125ms)
				ProcessInitializeOnLoadMethodAttributes (11ms)
				AfterProcessingInitializeOnLoad (1ms)
				EditorAssembliesLoaded (0ms)
			ExecutionOrderSort2 (0ms)
			AwakeInstancesAfterBackupRestoration (3ms)
Platform modules already initialized, skipping
Refreshing native plugins compatible for Editor in 0.95 ms, found 2 plugins.
Preloading 0 native plugins for Editor in 0.00 ms.
Unloading 3043 Unused Serialized files (Serialized files now loaded: 0)
Unloading 17 unused Assets / (44.8 KB). Loaded Objects now: 3558.
Memory consumption went from 113.1 MB to 113.1 MB.
Total: 2.682917 ms (FindLiveObjects: 0.134250 ms CreateObjectMapping: 0.039417 ms MarkObjects: 2.425041 ms  DeleteObjects: 0.083083 ms)

AssetImportParameters requested are different than current active one (requested -> active):
  custom:video-decoder-ogg-theora: a1e56fd34408186e4bbccfd4996cb3dc -> 
  custom:container-muxer-webm: aa71ff27fc2769a1b78a27578f13a17b -> 
  custom:container-demuxer-webm: 4f35f7cbe854078d1ac9338744f61a02 -> 
  custom:video-encoder-webm-vp8: eb34c28f22e8b96e1ab97ce403110664 -> 
  custom:framework-osx-AVFoundation: e770b220cccbd017edd2c1fefb359320 -> 
  custom:audio-encoder-webm-vorbis: bf7c407c2cedff20999df2af8eb42d56 -> 
  custom:container-demuxer-ogg: 62fdf1f143b41e24485cea50d1cbac27 -> 
  custom:video-decoder-webm-vp8: 9c59270c3fd7afecdb556c50c9e8de78 -> 
  custom:audio-decoder-ogg-vorbis: bf7c407c2cedff20999df2af8eb42d56 -> 
========================================================================
Received Prepare
Registering precompiled user dll's ...
Registered in 0.001568 seconds.
Begin MonoManager ReloadAssembly
Thread 0x285287000 may have been prematurely finalized
Symbol file LoadedFromMemory doesn't match image /Users/suresh/Human/Library/PackageCache/com.unity.visualscripting@1.8.0/Editor/VisualScripting.Core/Dependencies/YamlDotNet/Unity.VisualScripting.YamlDotNet.dll
Symbol file LoadedFromMemory doesn't match image /Users/suresh/Human/Library/PackageCache/com.unity.visualscripting@1.8.0/Editor/VisualScripting.Core/Dependencies/DotNetZip/Unity.VisualScripting.IonicZip.dll
Native extension for OSXStandalone target not found
Refreshing native plugins compatible for Editor in 0.46 ms, found 2 plugins.
Preloading 0 native plugins for Editor in 0.00 ms.
Mono: successfully reloaded assembly
- Completed reload, in  0.569 seconds
Domain Reload Profiling:
	ReloadAssembly (570ms)
		BeginReloadAssembly (80ms)
			ExecutionOrderSort (0ms)
			DisableScriptedObjects (3ms)
			BackupInstance (0ms)
			ReleaseScriptingObjects (0ms)
			CreateAndSetChildDomain (28ms)
		EndReloadAssembly (436ms)
			LoadAssemblies (36ms)
			RebuildTransferFunctionScriptingTraits (0ms)
			SetupTypeCache (165ms)
			ReleaseScriptCaches (1ms)
			RebuildScriptCaches (31ms)
			SetupLoadedEditorAssemblies (177ms)
				LogAssemblyErrors (0ms)
				InitializePlatformSupportModulesInManaged (2ms)
				SetLoadedEditorAssemblies (0ms)
				RefreshPlugins (0ms)
				BeforeProcessingInitializeOnLoad (40ms)
				ProcessInitializeOnLoadAttributes (122ms)
				ProcessInitializeOnLoadMethodAttributes (11ms)
				AfterProcessingInitializeOnLoad (1ms)
				EditorAssembliesLoaded (0ms)
			ExecutionOrderSort2 (0ms)
			AwakeInstancesAfterBackupRestoration (2ms)
Platform modules already initialized, skipping
Refreshing native plugins compatible for Editor in 0.84 ms, found 2 plugins.
Preloading 0 native plugins for Editor in 0.00 ms.
Unloading 3043 Unused Serialized files (Serialized files now loaded: 0)
Unloading 17 unused Assets / (45.0 KB). Loaded Objects now: 3561.
Memory consumption went from 113.1 MB to 113.1 MB.
Total: 2.229250 ms (FindLiveObjects: 0.134250 ms CreateObjectMapping: 0.043083 ms MarkObjects: 1.970625 ms  DeleteObjects: 0.080625 ms)

AssetImportParameters requested are different than current active one (requested -> active):
  custom:video-decoder-ogg-theora: a1e56fd34408186e4bbccfd4996cb3dc -> 
  custom:container-muxer-webm: aa71ff27fc2769a1b78a27578f13a17b -> 
  custom:container-demuxer-webm: 4f35f7cbe854078d1ac9338744f61a02 -> 
  custom:video-encoder-webm-vp8: eb34c28f22e8b96e1ab97ce403110664 -> 
  custom:framework-osx-AVFoundation: e770b220cccbd017edd2c1fefb359320 -> 
  custom:audio-encoder-webm-vorbis: bf7c407c2cedff20999df2af8eb42d56 -> 
  custom:container-demuxer-ogg: 62fdf1f143b41e24485cea50d1cbac27 -> 
  custom:video-decoder-webm-vp8: 9c59270c3fd7afecdb556c50c9e8de78 -> 
  custom:audio-decoder-ogg-vorbis: bf7c407c2cedff20999df2af8eb42d56 -> 
========================================================================
Received Prepare
Registering precompiled user dll's ...
Registered in 0.001338 seconds.
Begin MonoManager ReloadAssembly
Thread 0x285287000 may have been prematurely finalized
Symbol file LoadedFromMemory doesn't match image /Users/suresh/Human/Library/PackageCache/com.unity.visualscripting@1.8.0/Editor/VisualScripting.Core/Dependencies/YamlDotNet/Unity.VisualScripting.YamlDotNet.dll
Symbol file LoadedFromMemory doesn't match image /Users/suresh/Human/Library/PackageCache/com.unity.visualscripting@1.8.0/Editor/VisualScripting.Core/Dependencies/DotNetZip/Unity.VisualScripting.IonicZip.dll
Native extension for OSXStandalone target not found
Refreshing native plugins compatible for Editor in 0.48 ms, found 2 plugins.
Preloading 0 native plugins for Editor in 0.00 ms.
Mono: successfully reloaded assembly
- Completed reload, in  0.642 seconds
Domain Reload Profiling:
	ReloadAssembly (643ms)
		BeginReloadAssembly (106ms)
			ExecutionOrderSort (0ms)
			DisableScriptedObjects (3ms)
			BackupInstance (0ms)
			ReleaseScriptingObjects (0ms)
			CreateAndSetChildDomain (47ms)
		EndReloadAssembly (474ms)
			LoadAssemblies (42ms)
			RebuildTransferFunctionScriptingTraits (0ms)
			SetupTypeCache (198ms)
			ReleaseScriptCaches (1ms)
			RebuildScriptCaches (32ms)
			SetupLoadedEditorAssemblies (178ms)
				LogAssemblyErrors (0ms)
				InitializePlatformSupportModulesInManaged (2ms)
				SetLoadedEditorAssemblies (0ms)
				RefreshPlugins (0ms)
				BeforeProcessingInitializeOnLoad (39ms)
				ProcessInitializeOnLoadAttributes (123ms)
				ProcessInitializeOnLoadMethodAttributes (12ms)
				AfterProcessingInitializeOnLoad (1ms)
				EditorAssembliesLoaded (0ms)
			ExecutionOrderSort2 (0ms)
			AwakeInstancesAfterBackupRestoration (3ms)
Platform modules already initialized, skipping
Refreshing native plugins compatible for Editor in 0.94 ms, found 2 plugins.
Preloading 0 native plugins for Editor in 0.00 ms.
Unloading 3043 Unused Serialized files (Serialized files now loaded: 0)
Unloading 17 unused Assets / (44.9 KB). Loaded Objects now: 3564.
Memory consumption went from 113.1 MB to 113.1 MB.
Total: 2.768792 ms (FindLiveObjects: 0.196041 ms CreateObjectMapping: 0.037542 ms MarkObjects: 2.435333 ms  DeleteObjects: 0.099125 ms)

AssetImportParameters requested are different than current active one (requested -> active):
  custom:video-decoder-ogg-theora: a1e56fd34408186e4bbccfd4996cb3dc -> 
  custom:container-muxer-webm: aa71ff27fc2769a1b78a27578f13a17b -> 
  custom:container-demuxer-webm: 4f35f7cbe854078d1ac9338744f61a02 -> 
  custom:video-encoder-webm-vp8: eb34c28f22e8b96e1ab97ce403110664 -> 
  custom:framework-osx-AVFoundation: e770b220cccbd017edd2c1fefb359320 -> 
  custom:audio-encoder-webm-vorbis: bf7c407c2cedff20999df2af8eb42d56 -> 
  custom:container-demuxer-ogg: 62fdf1f143b41e24485cea50d1cbac27 -> 
  custom:video-decoder-webm-vp8: 9c59270c3fd7afecdb556c50c9e8de78 -> 
  custom:audio-decoder-ogg-vorbis: bf7c407c2cedff20999df2af8eb42d56 -> 
========================================================================
Received Prepare
Registering precompiled user dll's ...
Registered in 0.001616 seconds.
Begin MonoManager ReloadAssembly
Thread 0x285287000 may have been prematurely finalized
Symbol file LoadedFromMemory doesn't match image /Users/suresh/Human/Library/PackageCache/com.unity.visualscripting@1.8.0/Editor/VisualScripting.Core/Dependencies/YamlDotNet/Unity.VisualScripting.YamlDotNet.dll
Symbol file LoadedFromMemory doesn't match image /Users/suresh/Human/Library/PackageCache/com.unity.visualscripting@1.8.0/Editor/VisualScripting.Core/Dependencies/DotNetZip/Unity.VisualScripting.IonicZip.dll
Native extension for OSXStandalone target not found
Refreshing native plugins compatible for Editor in 0.36 ms, found 2 plugins.
Preloading 0 native plugins for Editor in 0.00 ms.
Mono: successfully reloaded assembly
- Completed reload, in  0.625 seconds
Domain Reload Profiling:
	ReloadAssembly (625ms)
		BeginReloadAssembly (94ms)
			ExecutionOrderSort (0ms)
			DisableScriptedObjects (3ms)
			BackupInstance (0ms)
			ReleaseScriptingObjects (0ms)
			CreateAndSetChildDomain (38ms)
		EndReloadAssembly (473ms)
			LoadAssemblies (41ms)
			RebuildTransferFunctionScriptingTraits (0ms)
			SetupTypeCache (193ms)
			ReleaseScriptCaches (1ms)
			RebuildScriptCaches (32ms)
			SetupLoadedEditorAssemblies (179ms)
				LogAssemblyErrors (0ms)
				InitializePlatformSupportModulesInManaged (2ms)
				SetLoadedEditorAssemblies (0ms)
				RefreshPlugins (0ms)
				BeforeProcessingInitializeOnLoad (38ms)
				ProcessInitializeOnLoadAttributes (124ms)
				ProcessInitializeOnLoadMethodAttributes (13ms)
				AfterProcessingInitializeOnLoad (1ms)
				EditorAssembliesLoaded (0ms)
			ExecutionOrderSort2 (0ms)
			AwakeInstancesAfterBackupRestoration (3ms)
Platform modules already initialized, skipping
Refreshing native plugins compatible for Editor in 0.93 ms, found 2 plugins.
Preloading 0 native plugins for Editor in 0.00 ms.
Unloading 3043 Unused Serialized files (Serialized files now loaded: 0)
Unloading 17 unused Assets / (44.8 KB). Loaded Objects now: 3567.
Memory consumption went from 113.1 MB to 113.1 MB.
Total: 2.313625 ms (FindLiveObjects: 0.110583 ms CreateObjectMapping: 0.040084 ms MarkObjects: 2.088500 ms  DeleteObjects: 0.074125 ms)

AssetImportParameters requested are different than current active one (requested -> active):
  custom:video-decoder-ogg-theora: a1e56fd34408186e4bbccfd4996cb3dc -> 
  custom:container-muxer-webm: aa71ff27fc2769a1b78a27578f13a17b -> 
  custom:container-demuxer-webm: 4f35f7cbe854078d1ac9338744f61a02 -> 
  custom:video-encoder-webm-vp8: eb34c28f22e8b96e1ab97ce403110664 -> 
  custom:framework-osx-AVFoundation: e770b220cccbd017edd2c1fefb359320 -> 
  custom:audio-encoder-webm-vorbis: bf7c407c2cedff20999df2af8eb42d56 -> 
  custom:container-demuxer-ogg: 62fdf1f143b41e24485cea50d1cbac27 -> 
  custom:video-decoder-webm-vp8: 9c59270c3fd7afecdb556c50c9e8de78 -> 
  custom:audio-decoder-ogg-vorbis: bf7c407c2cedff20999df2af8eb42d56 -> 
========================================================================
Received Prepare
Registering precompiled user dll's ...
Registered in 0.001204 seconds.
Begin MonoManager ReloadAssembly
Thread 0x285287000 may have been prematurely finalized
Symbol file LoadedFromMemory doesn't match image /Users/suresh/Human/Library/PackageCache/com.unity.visualscripting@1.8.0/Editor/VisualScripting.Core/Dependencies/YamlDotNet/Unity.VisualScripting.YamlDotNet.dll
Symbol file LoadedFromMemory doesn't match image /Users/suresh/Human/Library/PackageCache/com.unity.visualscripting@1.8.0/Editor/VisualScripting.Core/Dependencies/DotNetZip/Unity.VisualScripting.IonicZip.dll
Native extension for OSXStandalone target not found
Refreshing native plugins compatible for Editor in 0.50 ms, found 2 plugins.
Preloading 0 native plugins for Editor in 0.00 ms.
Mono: successfully reloaded assembly
- Completed reload, in  0.671 seconds
Domain Reload Profiling:
	ReloadAssembly (672ms)
		BeginReloadAssembly (124ms)
			ExecutionOrderSort (0ms)
			DisableScriptedObjects (4ms)
			BackupInstance (0ms)
			ReleaseScriptingObjects (0ms)
			CreateAndSetChildDomain (53ms)
		EndReloadAssembly (487ms)
			LoadAssemblies (53ms)
			RebuildTransferFunctionScriptingTraits (0ms)
			SetupTypeCache (201ms)
			ReleaseScriptCaches (1ms)
			RebuildScriptCaches (34ms)
			SetupLoadedEditorAssemblies (172ms)
				LogAssemblyErrors (0ms)
				InitializePlatformSupportModulesInManaged (2ms)
				SetLoadedEditorAssemblies (0ms)
				RefreshPlugins (1ms)
				BeforeProcessingInitializeOnLoad (38ms)
				ProcessInitializeOnLoadAttributes (119ms)
				ProcessInitializeOnLoadMethodAttributes (12ms)
				AfterProcessingInitializeOnLoad (1ms)
				EditorAssembliesLoaded (0ms)
			ExecutionOrderSort2 (0ms)
			AwakeInstancesAfterBackupRestoration (4ms)
Platform modules already initialized, skipping
Refreshing native plugins compatible for Editor in 1.00 ms, found 2 plugins.
Preloading 0 native plugins for Editor in 0.00 ms.
Unloading 3043 Unused Serialized files (Serialized files now loaded: 0)
Unloading 17 unused Assets / (44.9 KB). Loaded Objects now: 3570.
Memory consumption went from 113.1 MB to 113.1 MB.
Total: 3.090625 ms (FindLiveObjects: 0.153458 ms CreateObjectMapping: 0.042584 ms MarkObjects: 2.794750 ms  DeleteObjects: 0.099458 ms)

AssetImportParameters requested are different than current active one (requested -> active):
  custom:video-decoder-ogg-theora: a1e56fd34408186e4bbccfd4996cb3dc -> 
  custom:container-muxer-webm: aa71ff27fc2769a1b78a27578f13a17b -> 
  custom:container-demuxer-webm: 4f35f7cbe854078d1ac9338744f61a02 -> 
  custom:video-encoder-webm-vp8: eb34c28f22e8b96e1ab97ce403110664 -> 
  custom:framework-osx-AVFoundation: e770b220cccbd017edd2c1fefb359320 -> 
  custom:audio-encoder-webm-vorbis: bf7c407c2cedff20999df2af8eb42d56 -> 
  custom:container-demuxer-ogg: 62fdf1f143b41e24485cea50d1cbac27 -> 
  custom:video-decoder-webm-vp8: 9c59270c3fd7afecdb556c50c9e8de78 -> 
  custom:audio-decoder-ogg-vorbis: bf7c407c2cedff20999df2af8eb42d56 -> 
========================================================================
Received Prepare
Registering precompiled user dll's ...
Registered in 0.001203 seconds.
Begin MonoManager ReloadAssembly
Thread 0x280f8b000 may have been prematurely finalized
Symbol file LoadedFromMemory doesn't match image /Users/suresh/Human/Library/PackageCache/com.unity.visualscripting@1.8.0/Editor/VisualScripting.Core/Dependencies/YamlDotNet/Unity.VisualScripting.YamlDotNet.dll
Symbol file LoadedFromMemory doesn't match image /Users/suresh/Human/Library/PackageCache/com.unity.visualscripting@1.8.0/Editor/VisualScripting.Core/Dependencies/DotNetZip/Unity.VisualScripting.IonicZip.dll
Native extension for OSXStandalone target not found
Refreshing native plugins compatible for Editor in 0.31 ms, found 2 plugins.
Preloading 0 native plugins for Editor in 0.00 ms.
Mono: successfully reloaded assembly
- Completed reload, in  0.687 seconds
Domain Reload Profiling:
	ReloadAssembly (688ms)
		BeginReloadAssembly (149ms)
			ExecutionOrderSort (0ms)
			DisableScriptedObjects (4ms)
			BackupInstance (0ms)
			ReleaseScriptingObjects (0ms)
			CreateAndSetChildDomain (66ms)
		EndReloadAssembly (479ms)
			LoadAssemblies (49ms)
			RebuildTransferFunctionScriptingTraits (0ms)
			SetupTypeCache (198ms)
			ReleaseScriptCaches (1ms)
			RebuildScriptCaches (34ms)
			SetupLoadedEditorAssemblies (177ms)
				LogAssemblyErrors (0ms)
				InitializePlatformSupportModulesInManaged (2ms)
				SetLoadedEditorAssemblies (0ms)
				RefreshPlugins (0ms)
				BeforeProcessingInitializeOnLoad (38ms)
				ProcessInitializeOnLoadAttributes (124ms)
				ProcessInitializeOnLoadMethodAttributes (11ms)
				AfterProcessingInitializeOnLoad (1ms)
				EditorAssembliesLoaded (0ms)
			ExecutionOrderSort2 (0ms)
			AwakeInstancesAfterBackupRestoration (3ms)
Platform modules already initialized, skipping
Refreshing native plugins compatible for Editor in 0.83 ms, found 2 plugins.
Preloading 0 native plugins for Editor in 0.00 ms.
Unloading 3043 Unused Serialized files (Serialized files now loaded: 0)
Unloading 17 unused Assets / (45.0 KB). Loaded Objects now: 3573.
Memory consumption went from 113.2 MB to 113.1 MB.
Total: 2.612333 ms (FindLiveObjects: 0.129542 ms CreateObjectMapping: 0.046916 ms MarkObjects: 2.355125 ms  DeleteObjects: 0.080083 ms)

AssetImportParameters requested are different than current active one (requested -> active):
  custom:video-decoder-ogg-theora: a1e56fd34408186e4bbccfd4996cb3dc -> 
  custom:container-muxer-webm: aa71ff27fc2769a1b78a27578f13a17b -> 
  custom:container-demuxer-webm: 4f35f7cbe854078d1ac9338744f61a02 -> 
  custom:video-encoder-webm-vp8: eb34c28f22e8b96e1ab97ce403110664 -> 
  custom:framework-osx-AVFoundation: e770b220cccbd017edd2c1fefb359320 -> 
  custom:audio-encoder-webm-vorbis: bf7c407c2cedff20999df2af8eb42d56 -> 
  custom:container-demuxer-ogg: 62fdf1f143b41e24485cea50d1cbac27 -> 
  custom:video-decoder-webm-vp8: 9c59270c3fd7afecdb556c50c9e8de78 -> 
  custom:audio-decoder-ogg-vorbis: bf7c407c2cedff20999df2af8eb42d56 -> 
========================================================================
Received Prepare
Registering precompiled user dll's ...
Registered in 0.001621 seconds.
Begin MonoManager ReloadAssembly
Thread 0x280f8b000 may have been prematurely finalized
Symbol file LoadedFromMemory doesn't match image /Users/suresh/Human/Library/PackageCache/com.unity.visualscripting@1.8.0/Editor/VisualScripting.Core/Dependencies/YamlDotNet/Unity.VisualScripting.YamlDotNet.dll
Symbol file LoadedFromMemory doesn't match image /Users/suresh/Human/Library/PackageCache/com.unity.visualscripting@1.8.0/Editor/VisualScripting.Core/Dependencies/DotNetZip/Unity.VisualScripting.IonicZip.dll
Native extension for OSXStandalone target not found
Refreshing native plugins compatible for Editor in 0.46 ms, found 2 plugins.
Preloading 0 native plugins for Editor in 0.00 ms.
Mono: successfully reloaded assembly
- Completed reload, in  0.619 seconds
Domain Reload Profiling:
	ReloadAssembly (619ms)
		BeginReloadAssembly (84ms)
			ExecutionOrderSort (0ms)
			DisableScriptedObjects (3ms)
			BackupInstance (0ms)
			ReleaseScriptingObjects (0ms)
			CreateAndSetChildDomain (29ms)
		EndReloadAssembly (481ms)
			LoadAssemblies (47ms)
			RebuildTransferFunctionScriptingTraits (0ms)
			SetupTypeCache (198ms)
			ReleaseScriptCaches (1ms)
			RebuildScriptCaches (34ms)
			SetupLoadedEditorAssemblies (172ms)
				LogAssemblyErrors (0ms)
				InitializePlatformSupportModulesInManaged (2ms)
				SetLoadedEditorAssemblies (0ms)
				RefreshPlugins (1ms)
				BeforeProcessingInitializeOnLoad (37ms)
				ProcessInitializeOnLoadAttributes (121ms)
				ProcessInitializeOnLoadMethodAttributes (10ms)
				AfterProcessingInitializeOnLoad (1ms)
				EditorAssembliesLoaded (0ms)
			ExecutionOrderSort2 (0ms)
			AwakeInstancesAfterBackupRestoration (2ms)
Platform modules already initialized, skipping
Refreshing native plugins compatible for Editor in 0.65 ms, found 2 plugins.
Preloading 0 native plugins for Editor in 0.00 ms.
Unloading 3043 Unused Serialized files (Serialized files now loaded: 0)
Unloading 17 unused Assets / (44.9 KB). Loaded Objects now: 3576.
Memory consumption went from 113.2 MB to 113.1 MB.
Total: 2.040042 ms (FindLiveObjects: 0.111500 ms CreateObjectMapping: 0.047541 ms MarkObjects: 1.832500 ms  DeleteObjects: 0.048000 ms)

AssetImportParameters requested are different than current active one (requested -> active):
  custom:video-decoder-ogg-theora: a1e56fd34408186e4bbccfd4996cb3dc -> 
  custom:container-muxer-webm: aa71ff27fc2769a1b78a27578f13a17b -> 
  custom:container-demuxer-webm: 4f35f7cbe854078d1ac9338744f61a02 -> 
  custom:video-encoder-webm-vp8: eb34c28f22e8b96e1ab97ce403110664 -> 
  custom:framework-osx-AVFoundation: e770b220cccbd017edd2c1fefb359320 -> 
  custom:audio-encoder-webm-vorbis: bf7c407c2cedff20999df2af8eb42d56 -> 
  custom:container-demuxer-ogg: 62fdf1f143b41e24485cea50d1cbac27 -> 
  custom:video-decoder-webm-vp8: 9c59270c3fd7afecdb556c50c9e8de78 -> 
  custom:audio-decoder-ogg-vorbis: bf7c407c2cedff20999df2af8eb42d56 -> 
========================================================================
Received Prepare
Registering precompiled user dll's ...
Registered in 0.001348 seconds.
Begin MonoManager ReloadAssembly
Thread 0x280f8b000 may have been prematurely finalized
Symbol file LoadedFromMemory doesn't match image /Users/suresh/Human/Library/PackageCache/com.unity.visualscripting@1.8.0/Editor/VisualScripting.Core/Dependencies/YamlDotNet/Unity.VisualScripting.YamlDotNet.dll
Symbol file LoadedFromMemory doesn't match image /Users/suresh/Human/Library/PackageCache/com.unity.visualscripting@1.8.0/Editor/VisualScripting.Core/Dependencies/DotNetZip/Unity.VisualScripting.IonicZip.dll
Native extension for OSXStandalone target not found
Refreshing native plugins compatible for Editor in 0.57 ms, found 2 plugins.
Preloading 0 native plugins for Editor in 0.00 ms.
Mono: successfully reloaded assembly
- Completed reload, in  0.664 seconds
Domain Reload Profiling:
	ReloadAssembly (665ms)
		BeginReloadAssembly (126ms)
			ExecutionOrderSort (0ms)
			DisableScriptedObjects (9ms)
			BackupInstance (0ms)
			ReleaseScriptingObjects (0ms)
			CreateAndSetChildDomain (43ms)
		EndReloadAssembly (480ms)
			LoadAssemblies (46ms)
			RebuildTransferFunctionScriptingTraits (0ms)
			SetupTypeCache (199ms)
			ReleaseScriptCaches (1ms)
			RebuildScriptCaches (35ms)
			SetupLoadedEditorAssemblies (180ms)
				LogAssemblyErrors (0ms)
				InitializePlatformSupportModulesInManaged (2ms)
				SetLoadedEditorAssemblies (0ms)
				RefreshPlugins (1ms)
				BeforeProcessingInitializeOnLoad (39ms)
				ProcessInitializeOnLoadAttributes (124ms)
				ProcessInitializeOnLoadMethodAttributes (11ms)
				AfterProcessingInitializeOnLoad (2ms)
				EditorAssembliesLoaded (0ms)
			ExecutionOrderSort2 (0ms)
			AwakeInstancesAfterBackupRestoration (3ms)
Platform modules already initialized, skipping
Refreshing native plugins compatible for Editor in 0.87 ms, found 2 plugins.
Preloading 0 native plugins for Editor in 0.00 ms.
Unloading 3043 Unused Serialized files (Serialized files now loaded: 0)
Unloading 17 unused Assets / (44.8 KB). Loaded Objects now: 3579.
Memory consumption went from 113.2 MB to 113.1 MB.
Total: 2.766292 ms (FindLiveObjects: 0.195833 ms CreateObjectMapping: 0.047583 ms MarkObjects: 2.427125 ms  DeleteObjects: 0.094458 ms)

AssetImportParameters requested are different than current active one (requested -> active):
  custom:video-decoder-ogg-theora: a1e56fd34408186e4bbccfd4996cb3dc -> 
  custom:container-muxer-webm: aa71ff27fc2769a1b78a27578f13a17b -> 
  custom:container-demuxer-webm: 4f35f7cbe854078d1ac9338744f61a02 -> 
  custom:video-encoder-webm-vp8: eb34c28f22e8b96e1ab97ce403110664 -> 
  custom:framework-osx-AVFoundation: e770b220cccbd017edd2c1fefb359320 -> 
  custom:audio-encoder-webm-vorbis: bf7c407c2cedff20999df2af8eb42d56 -> 
  custom:container-demuxer-ogg: 62fdf1f143b41e24485cea50d1cbac27 -> 
  custom:video-decoder-webm-vp8: 9c59270c3fd7afecdb556c50c9e8de78 -> 
  custom:audio-decoder-ogg-vorbis: bf7c407c2cedff20999df2af8eb42d56 -> 
========================================================================
Received Prepare
Registering precompiled user dll's ...
Registered in 0.001197 seconds.
Begin MonoManager ReloadAssembly
Thread 0x280f8b000 may have been prematurely finalized
Symbol file LoadedFromMemory doesn't match image /Users/suresh/Human/Library/PackageCache/com.unity.visualscripting@1.8.0/Editor/VisualScripting.Core/Dependencies/YamlDotNet/Unity.VisualScripting.YamlDotNet.dll
Symbol file LoadedFromMemory doesn't match image /Users/suresh/Human/Library/PackageCache/com.unity.visualscripting@1.8.0/Editor/VisualScripting.Core/Dependencies/DotNetZip/Unity.VisualScripting.IonicZip.dll
Native extension for OSXStandalone target not found
Refreshing native plugins compatible for Editor in 0.42 ms, found 2 plugins.
Preloading 0 native plugins for Editor in 0.00 ms.
Mono: successfully reloaded assembly
- Completed reload, in  0.640 seconds
Domain Reload Profiling:
	ReloadAssembly (640ms)
		BeginReloadAssembly (107ms)
			ExecutionOrderSort (0ms)
			DisableScriptedObjects (3ms)
			BackupInstance (0ms)
			ReleaseScriptingObjects (0ms)
			CreateAndSetChildDomain (46ms)
		EndReloadAssembly (474ms)
			LoadAssemblies (45ms)
			RebuildTransferFunctionScriptingTraits (0ms)
			SetupTypeCache (194ms)
			ReleaseScriptCaches (2ms)
			RebuildScriptCaches (35ms)
			SetupLoadedEditorAssemblies (176ms)
				LogAssemblyErrors (0ms)
				InitializePlatformSupportModulesInManaged (2ms)
				SetLoadedEditorAssemblies (0ms)
				RefreshPlugins (0ms)
				BeforeProcessingInitializeOnLoad (38ms)
				ProcessInitializeOnLoadAttributes (121ms)
				ProcessInitializeOnLoadMethodAttributes (12ms)
				AfterProcessingInitializeOnLoad (2ms)
				EditorAssembliesLoaded (0ms)
			ExecutionOrderSort2 (0ms)
			AwakeInstancesAfterBackupRestoration (3ms)
Platform modules already initialized, skipping
Refreshing native plugins compatible for Editor in 0.92 ms, found 2 plugins.
Preloading 0 native plugins for Editor in 0.00 ms.
Unloading 3043 Unused Serialized files (Serialized files now loaded: 0)
Unloading 17 unused Assets / (44.9 KB). Loaded Objects now: 3582.
Memory consumption went from 113.2 MB to 113.1 MB.
Total: 2.398416 ms (FindLiveObjects: 0.142708 ms CreateObjectMapping: 0.042292 ms MarkObjects: 2.119583 ms  DeleteObjects: 0.093166 ms)

AssetImportParameters requested are different than current active one (requested -> active):
  custom:video-decoder-ogg-theora: a1e56fd34408186e4bbccfd4996cb3dc -> 
  custom:container-muxer-webm: aa71ff27fc2769a1b78a27578f13a17b -> 
  custom:container-demuxer-webm: 4f35f7cbe854078d1ac9338744f61a02 -> 
  custom:video-encoder-webm-vp8: eb34c28f22e8b96e1ab97ce403110664 -> 
  custom:framework-osx-AVFoundation: e770b220cccbd017edd2c1fefb359320 -> 
  custom:audio-encoder-webm-vorbis: bf7c407c2cedff20999df2af8eb42d56 -> 
  custom:container-demuxer-ogg: 62fdf1f143b41e24485cea50d1cbac27 -> 
  custom:video-decoder-webm-vp8: 9c59270c3fd7afecdb556c50c9e8de78 -> 
  custom:audio-decoder-ogg-vorbis: bf7c407c2cedff20999df2af8eb42d56 -> 
========================================================================
Received Prepare
Registering precompiled user dll's ...
Registered in 0.001206 seconds.
Begin MonoManager ReloadAssembly
Thread 0x280f8b000 may have been prematurely finalized
Symbol file LoadedFromMemory doesn't match image /Users/suresh/Human/Library/PackageCache/com.unity.visualscripting@1.8.0/Editor/VisualScripting.Core/Dependencies/YamlDotNet/Unity.VisualScripting.YamlDotNet.dll
Symbol file LoadedFromMemory doesn't match image /Users/suresh/Human/Library/PackageCache/com.unity.visualscripting@1.8.0/Editor/VisualScripting.Core/Dependencies/DotNetZip/Unity.VisualScripting.IonicZip.dll
Native extension for OSXStandalone target not found
Refreshing native plugins compatible for Editor in 0.46 ms, found 2 plugins.
Preloading 0 native plugins for Editor in 0.00 ms.
Mono: successfully reloaded assembly
- Completed reload, in  0.780 seconds
Domain Reload Profiling:
	ReloadAssembly (783ms)
		BeginReloadAssembly (212ms)
			ExecutionOrderSort (0ms)
			DisableScriptedObjects (8ms)
			BackupInstance (0ms)
			ReleaseScriptingObjects (0ms)
			CreateAndSetChildDomain (80ms)
		EndReloadAssembly (511ms)
			LoadAssemblies (69ms)
			RebuildTransferFunctionScriptingTraits (0ms)
			SetupTypeCache (223ms)
			ReleaseScriptCaches (1ms)
			RebuildScriptCaches (34ms)
			SetupLoadedEditorAssemblies (182ms)
				LogAssemblyErrors (0ms)
				InitializePlatformSupportModulesInManaged (3ms)
				SetLoadedEditorAssemblies (1ms)
				RefreshPlugins (0ms)
				BeforeProcessingInitializeOnLoad (39ms)
				ProcessInitializeOnLoadAttributes (127ms)
				ProcessInitializeOnLoadMethodAttributes (12ms)
				AfterProcessingInitializeOnLoad (1ms)
				EditorAssembliesLoaded (0ms)
			ExecutionOrderSort2 (0ms)
			AwakeInstancesAfterBackupRestoration (4ms)
Platform modules already initialized, skipping
Refreshing native plugins compatible for Editor in 0.98 ms, found 2 plugins.
Preloading 0 native plugins for Editor in 0.00 ms.
Unloading 3043 Unused Serialized files (Serialized files now loaded: 0)
Unloading 17 unused Assets / (44.8 KB). Loaded Objects now: 3585.
Memory consumption went from 113.2 MB to 113.1 MB.
Total: 2.688041 ms (FindLiveObjects: 0.132375 ms CreateObjectMapping: 0.042333 ms MarkObjects: 2.427584 ms  DeleteObjects: 0.085291 ms)

AssetImportParameters requested are different than current active one (requested -> active):
  custom:video-decoder-ogg-theora: a1e56fd34408186e4bbccfd4996cb3dc -> 
  custom:container-muxer-webm: aa71ff27fc2769a1b78a27578f13a17b -> 
  custom:container-demuxer-webm: 4f35f7cbe854078d1ac9338744f61a02 -> 
  custom:video-encoder-webm-vp8: eb34c28f22e8b96e1ab97ce403110664 -> 
  custom:framework-osx-AVFoundation: e770b220cccbd017edd2c1fefb359320 -> 
  custom:audio-encoder-webm-vorbis: bf7c407c2cedff20999df2af8eb42d56 -> 
  custom:container-demuxer-ogg: 62fdf1f143b41e24485cea50d1cbac27 -> 
  custom:video-decoder-webm-vp8: 9c59270c3fd7afecdb556c50c9e8de78 -> 
  custom:audio-decoder-ogg-vorbis: bf7c407c2cedff20999df2af8eb42d56 -> 
========================================================================
Received Import Request.
  Time since last request: 28719.726359 seconds.
  path: Assets/Kitchen/Package04_Free_Kitchen/FreeKitchen/Prefabs/Version01/Cabinet01WithEquipment.prefab
  artifactKey: Guid(a32fa21adb0244ecaac632b6d2a867b2) Importer(815301076,1909f56bfc062723c751e8b465ee728b)
Start importing Assets/Kitchen/Package04_Free_Kitchen/FreeKitchen/Prefabs/Version01/Cabinet01WithEquipment.prefab using Guid(a32fa21adb0244ecaac632b6d2a867b2) Importer(815301076,1909f56bfc062723c751e8b465ee728b)  -> (artifact id: 'a7f3be327fd1bc00de4de57ce9fe18d4') in 0.762293 seconds 
========================================================================
Received Import Request.
  Time since last request: 0.000058 seconds.
  path: Assets/Kitchen/Package04_Free_Kitchen/FreeKitchen/Prefabs/Version01/FreeCabinet02.prefab
  artifactKey: Guid(dfb55619937d34805a079ac258aeab8b) Importer(815301076,1909f56bfc062723c751e8b465ee728b)
Start importing Assets/Kitchen/Package04_Free_Kitchen/FreeKitchen/Prefabs/Version01/FreeCabinet02.prefab using Guid(dfb55619937d34805a079ac258aeab8b) Importer(815301076,1909f56bfc062723c751e8b465ee728b)  -> (artifact id: 'e3cf35cae2b87b4ae1ff53d3ccf09c49') in 0.016859 seconds 
========================================================================
Received Import Request.
  Time since last request: 0.000034 seconds.
  path: Assets/Kitchen/Package04_Free_Kitchen/FreeKitchen/Prefabs/Version01/FreeTable.prefab
  artifactKey: Guid(97d9c7b86ea074f5a96f757062a2db98) Importer(815301076,1909f56bfc062723c751e8b465ee728b)
Start importing Assets/Kitchen/Package04_Free_Kitchen/FreeKitchen/Prefabs/Version01/FreeTable.prefab using Guid(97d9c7b86ea074f5a96f757062a2db98) Importer(815301076,1909f56bfc062723c751e8b465ee728b)  -> (artifact id: '76a10a2607cfdcc4b76e58681ed6aff4') in 0.017895 seconds 
========================================================================
Received Import Request.
  Time since last request: 0.000034 seconds.
  path: Assets/Kitchen/Package04_Free_Kitchen/FreeKitchen/Prefabs/Version01/FreeBowl01.prefab
  artifactKey: Guid(bdc2838c2d06e45218b13be8488e80f8) Importer(815301076,1909f56bfc062723c751e8b465ee728b)
Start importing Assets/Kitchen/Package04_Free_Kitchen/FreeKitchen/Prefabs/Version01/FreeBowl01.prefab using Guid(bdc2838c2d06e45218b13be8488e80f8) Importer(815301076,1909f56bfc062723c751e8b465ee728b)  -> (artifact id: '11dfe567d366927360a1d2688d9adb43') in 0.011854 seconds 
========================================================================
Received Import Request.
  Time since last request: 0.000037 seconds.
  path: Assets/Kitchen/Package04_Free_Kitchen/FreeKitchen/Prefabs/Version01/FreeExtractorHood.prefab
  artifactKey: Guid(3e1e93d23ccbe4f4694a0a0689943ebb) Importer(815301076,1909f56bfc062723c751e8b465ee728b)
Start importing Assets/Kitchen/Package04_Free_Kitchen/FreeKitchen/Prefabs/Version01/FreeExtractorHood.prefab using Guid(3e1e93d23ccbe4f4694a0a0689943ebb) Importer(815301076,1909f56bfc062723c751e8b465ee728b)  -> (artifact id: '57415ebf7b1a107e5c9570d529a564ec') in 0.017407 seconds 
========================================================================
Received Import Request.
  Time since last request: 0.000036 seconds.
  path: Assets/Kitchen/Package04_Free_Kitchen/FreeKitchen/Prefabs/Version01/FreeCup.prefab
  artifactKey: Guid(f088a608eb93f4105a92b8260cc18130) Importer(815301076,1909f56bfc062723c751e8b465ee728b)
Start importing Assets/Kitchen/Package04_Free_Kitchen/FreeKitchen/Prefabs/Version01/FreeCup.prefab using Guid(f088a608eb93f4105a92b8260cc18130) Importer(815301076,1909f56bfc062723c751e8b465ee728b)  -> (artifact id: 'b2e32d53fd6d8ead08e4076d0bd4b80e') in 0.011692 seconds 
========================================================================
Received Import Request.
  Time since last request: 0.000047 seconds.
  path: Assets/Kitchen/Package04_Free_Kitchen/FreeKitchen/Prefabs/Version01/StoveWithExtractorHood.prefab
  artifactKey: Guid(648853ee3e2944b0d83d3420dbb52fa0) Importer(815301076,1909f56bfc062723c751e8b465ee728b)
Start importing Assets/Kitchen/Package04_Free_Kitchen/FreeKitchen/Prefabs/Version01/StoveWithExtractorHood.prefab using Guid(648853ee3e2944b0d83d3420dbb52fa0) Importer(815301076,1909f56bfc062723c751e8b465ee728b)  -> (artifact id: 'fe6b978f15f0cd32d6e7c9da9d7447fa') in 0.018168 seconds 
========================================================================
Received Import Request.
  Time since last request: 0.000052 seconds.
  path: Assets/Kitchen/Package04_Free_Kitchen/FreeKitchen/Prefabs/Version01/FreeVase.prefab
  artifactKey: Guid(1a268c42ad172427aa2e5a58b4a872a2) Importer(815301076,1909f56bfc062723c751e8b465ee728b)
Start importing Assets/Kitchen/Package04_Free_Kitchen/FreeKitchen/Prefabs/Version01/FreeVase.prefab using Guid(1a268c42ad172427aa2e5a58b4a872a2) Importer(815301076,1909f56bfc062723c751e8b465ee728b)  -> (artifact id: '25358ac8cd4871371436782f4dd559b8') in 0.011296 seconds 
========================================================================
Received Import Request.
  Time since last request: 0.000035 seconds.
  path: Assets/Kitchen/Package04_Free_Kitchen/FreeKitchen/Prefabs/Version01/FreePepperShaker.prefab
  artifactKey: Guid(02570cdf1b8574e8e80ed319ae337872) Importer(815301076,1909f56bfc062723c751e8b465ee728b)
Start importing Assets/Kitchen/Package04_Free_Kitchen/FreeKitchen/Prefabs/Version01/FreePepperShaker.prefab using Guid(02570cdf1b8574e8e80ed319ae337872) Importer(815301076,1909f56bfc062723c751e8b465ee728b)  -> (artifact id: '6b397ad853f3cc84c3f09b523ad54975') in 0.011480 seconds 
========================================================================
Received Import Request.
  Time since last request: 0.000035 seconds.
  path: Assets/Kitchen/Package04_Free_Kitchen/FreeKitchen/Prefabs/Version01/FreeCabinet03_DrawerBig.prefab
  artifactKey: Guid(364340c2167334b9a953bd5d6035404e) Importer(815301076,1909f56bfc062723c751e8b465ee728b)
Start importing Assets/Kitchen/Package04_Free_Kitchen/FreeKitchen/Prefabs/Version01/FreeCabinet03_DrawerBig.prefab using Guid(364340c2167334b9a953bd5d6035404e) Importer(815301076,1909f56bfc062723c751e8b465ee728b)  -> (artifact id: '7ea6bd8db8250a5a6e4c89d49a8d54bd') in 0.016892 seconds 
========================================================================
Received Import Request.
  Time since last request: 0.000066 seconds.
  path: Assets/Kitchen/Package04_Free_Kitchen/FreeKitchen/Prefabs/Version01/ShelfWithEquipment02.prefab
  artifactKey: Guid(7df9f3f2c0d604965971dc955ee37030) Importer(815301076,1909f56bfc062723c751e8b465ee728b)
Start importing Assets/Kitchen/Package04_Free_Kitchen/FreeKitchen/Prefabs/Version01/ShelfWithEquipment02.prefab using Guid(7df9f3f2c0d604965971dc955ee37030) Importer(815301076,1909f56bfc062723c751e8b465ee728b)  -> (artifact id: '7a6a4d39e5f0081ca5010e66b99496cf') in 0.039302 seconds 
========================================================================
Received Import Request.
  Time since last request: 0.000468 seconds.
  path: Assets/Kitchen/Package04_Free_Kitchen/FreeKitchen/Prefabs/Version01/FreeCabinet01_DoorRight.prefab
  artifactKey: Guid(c05978aee78c54b47bda1138481145be) Importer(815301076,1909f56bfc062723c751e8b465ee728b)
Start importing Assets/Kitchen/Package04_Free_Kitchen/FreeKitchen/Prefabs/Version01/FreeCabinet01_DoorRight.prefab using Guid(c05978aee78c54b47bda1138481145be) Importer(815301076,1909f56bfc062723c751e8b465ee728b)  -> (artifact id: '9b0d3652839daadf2e45371fe44761f3') in 0.023338 seconds 
========================================================================
Received Import Request.
  Time since last request: 0.000059 seconds.
  path: Assets/Kitchen/Package04_Free_Kitchen/FreeKitchen/Prefabs/Version01/FreeChair.prefab
  artifactKey: Guid(fd97ab50fe8954dbdad1b63fe7179412) Importer(815301076,1909f56bfc062723c751e8b465ee728b)
Start importing Assets/Kitchen/Package04_Free_Kitchen/FreeKitchen/Prefabs/Version01/FreeChair.prefab using Guid(fd97ab50fe8954dbdad1b63fe7179412) Importer(815301076,1909f56bfc062723c751e8b465ee728b)  -> (artifact id: 'a57d5db92acd739455baf86a0fefa57e') in 0.015118 seconds 
========================================================================
Received Import Request.
  Time since last request: 0.000063 seconds.
  path: Assets/Kitchen/Package04_Free_Kitchen/FreeKitchen/Prefabs/Version01/FreeLampPart.prefab
  artifactKey: Guid(718fddb8ad2c843218bcc12cbfac939c) Importer(815301076,1909f56bfc062723c751e8b465ee728b)
Start importing Assets/Kitchen/Package04_Free_Kitchen/FreeKitchen/Prefabs/Version01/FreeLampPart.prefab using Guid(718fddb8ad2c843218bcc12cbfac939c) Importer(815301076,1909f56bfc062723c751e8b465ee728b)  -> (artifact id: 'a749a09b8307d863c464d3bf2ab84e15') in 0.015032 seconds 
========================================================================
Received Import Request.
  Time since last request: 0.000087 seconds.
  path: Assets/Kitchen/Package04_Free_Kitchen/FreeKitchen/Prefabs/Version01/FreePlate.prefab
  artifactKey: Guid(ce79dbb34713241978debb72446fa860) Importer(815301076,1909f56bfc062723c751e8b465ee728b)
Start importing Assets/Kitchen/Package04_Free_Kitchen/FreeKitchen/Prefabs/Version01/FreePlate.prefab using Guid(ce79dbb34713241978debb72446fa860) Importer(815301076,1909f56bfc062723c751e8b465ee728b)  -> (artifact id: 'a7d398813d12e7fd2509a55530f43b0d') in 0.010871 seconds 
========================================================================
Received Import Request.
  Time since last request: 0.000037 seconds.
  path: Assets/Kitchen/Package04_Free_Kitchen/FreeKitchen/Prefabs/Version01/ShelfWithEquipment01.prefab
  artifactKey: Guid(6d051c01ff762464b87361c24e20a879) Importer(815301076,1909f56bfc062723c751e8b465ee728b)
Start importing Assets/Kitchen/Package04_Free_Kitchen/FreeKitchen/Prefabs/Version01/ShelfWithEquipment01.prefab using Guid(6d051c01ff762464b87361c24e20a879) Importer(815301076,1909f56bfc062723c751e8b465ee728b)  -> (artifact id: '75c9982803e81d8ceeb388c8587be1de') in 0.030028 seconds 
========================================================================
Received Import Request.
  Time since last request: 0.000046 seconds.
  path: Assets/Kitchen/Package04_Free_Kitchen/FreeKitchen/Prefabs/Version01/FreeSpoon.prefab
  artifactKey: Guid(31bfd99a2b157410e9821563a9477158) Importer(815301076,1909f56bfc062723c751e8b465ee728b)
Start importing Assets/Kitchen/Package04_Free_Kitchen/FreeKitchen/Prefabs/Version01/FreeSpoon.prefab using Guid(31bfd99a2b157410e9821563a9477158) Importer(815301076,1909f56bfc062723c751e8b465ee728b)  -> (artifact id: 'c2922ae3e5f6cd86d877b27ad8c6f99b') in 0.011639 seconds 
========================================================================
Received Import Request.
  Time since last request: 0.000037 seconds.
  path: Assets/Kitchen/Package04_Free_Kitchen/FreeKitchen/Prefabs/Version01/FreeSpatula02.prefab
  artifactKey: Guid(81d4cf981e0fc45f98d536078b705c26) Importer(815301076,1909f56bfc062723c751e8b465ee728b)
Start importing Assets/Kitchen/Package04_Free_Kitchen/FreeKitchen/Prefabs/Version01/FreeSpatula02.prefab using Guid(81d4cf981e0fc45f98d536078b705c26) Importer(815301076,1909f56bfc062723c751e8b465ee728b)  -> (artifact id: 'bf81beb05062b74a1f1ddbeeaa713c54') in 0.011002 seconds 
========================================================================
Received Import Request.
  Time since last request: 0.000047 seconds.
  path: Assets/Kitchen/Package04_Free_Kitchen/FreeKitchen/Prefabs/Version01/FreeCabinet03.prefab
  artifactKey: Guid(b6923535a336d40b194b2438f15740f3) Importer(815301076,1909f56bfc062723c751e8b465ee728b)
Start importing Assets/Kitchen/Package04_Free_Kitchen/FreeKitchen/Prefabs/Version01/FreeCabinet03.prefab using Guid(b6923535a336d40b194b2438f15740f3) Importer(815301076,1909f56bfc062723c751e8b465ee728b)  -> (artifact id: 'e2c2e998d5ed9d3fb289ffa340cbca79') in 0.019669 seconds 
========================================================================
Received Import Request.
  Time since last request: 0.000054 seconds.
  path: Assets/Kitchen/Package04_Free_Kitchen/FreeKitchen/Prefabs/Version01/FreeCarpet.prefab
  artifactKey: Guid(94df118b0eeb14596ac008db17d24a8f) Importer(815301076,1909f56bfc062723c751e8b465ee728b)
Start importing Assets/Kitchen/Package04_Free_Kitchen/FreeKitchen/Prefabs/Version01/FreeCarpet.prefab using Guid(94df118b0eeb14596ac008db17d24a8f) Importer(815301076,1909f56bfc062723c751e8b465ee728b)  -> (artifact id: '6162b822846fb3ab067b904cf0159d85') in 0.011429 seconds 
========================================================================
Received Import Request.
  Time since last request: 0.000083 seconds.
  path: Assets/Kitchen/Package04_Free_Kitchen/FreeKitchen/Prefabs/Version01/FreeShelf.prefab
  artifactKey: Guid(33fd211ddac51448d901fd95f0fa1b10) Importer(815301076,1909f56bfc062723c751e8b465ee728b)
Start importing Assets/Kitchen/Package04_Free_Kitchen/FreeKitchen/Prefabs/Version01/FreeShelf.prefab using Guid(33fd211ddac51448d901fd95f0fa1b10) Importer(815301076,1909f56bfc062723c751e8b465ee728b)  -> (artifact id: 'cac074f421bb1594901b2ef023df4695') in 0.009810 seconds 
========================================================================
Received Import Request.
  Time since last request: 0.000072 seconds.
  path: Assets/Kitchen/Package04_Free_Kitchen/FreeKitchen/Prefabs/Version01/FreeStove.prefab
  artifactKey: Guid(c08e1e1ffc9544ed3bd20726a8435b54) Importer(815301076,1909f56bfc062723c751e8b465ee728b)
Start importing Assets/Kitchen/Package04_Free_Kitchen/FreeKitchen/Prefabs/Version01/FreeStove.prefab using Guid(c08e1e1ffc9544ed3bd20726a8435b54) Importer(815301076,1909f56bfc062723c751e8b465ee728b)  -> (artifact id: '92724814313427189d5ec008c3c3da18') in 0.014006 seconds 
========================================================================
Received Import Request.
  Time since last request: 0.000046 seconds.
  path: Assets/Kitchen/Package04_Free_Kitchen/FreeKitchen/Prefabs/Version01/FreeCabinet02_DrawerSmall.prefab
  artifactKey: Guid(01c1649a861864384aa164a54d5e22f6) Importer(815301076,1909f56bfc062723c751e8b465ee728b)
Start importing Assets/Kitchen/Package04_Free_Kitchen/FreeKitchen/Prefabs/Version01/FreeCabinet02_DrawerSmall.prefab using Guid(01c1649a861864384aa164a54d5e22f6) Importer(815301076,1909f56bfc062723c751e8b465ee728b)  -> (artifact id: '10159fdc09e48771eb8e756ec7d5a708') in 0.010865 seconds 
========================================================================
Received Import Request.
  Time since last request: 0.000036 seconds.
  path: Assets/Kitchen/Package04_Free_Kitchen/FreeKitchen/Prefabs/Version01/FreeMirkowave.prefab
  artifactKey: Guid(cb3840b99eff048c891ec696683d430e) Importer(815301076,1909f56bfc062723c751e8b465ee728b)
Start importing Assets/Kitchen/Package04_Free_Kitchen/FreeKitchen/Prefabs/Version01/FreeMirkowave.prefab using Guid(cb3840b99eff048c891ec696683d430e) Importer(815301076,1909f56bfc062723c751e8b465ee728b)  -> (artifact id: '5717aae3a093438cd1187347a03e34bf') in 0.011701 seconds 
========================================================================
Received Import Request.
  Time since last request: 0.000051 seconds.
  path: Assets/Kitchen/Package04_Free_Kitchen/FreeKitchen/Prefabs/Version01/FreeCup02.prefab
  artifactKey: Guid(c58436ee2750b4eb6b809a7790aa8124) Importer(815301076,1909f56bfc062723c751e8b465ee728b)
Start importing Assets/Kitchen/Package04_Free_Kitchen/FreeKitchen/Prefabs/Version01/FreeCup02.prefab using Guid(c58436ee2750b4eb6b809a7790aa8124) Importer(815301076,1909f56bfc062723c751e8b465ee728b)  -> (artifact id: '1821c5dddcf63ec6549e9126f65ebcc9') in 0.011019 seconds 
========================================================================
Received Import Request.
  Time since last request: 0.000051 seconds.
  path: Assets/Kitchen/Package04_Free_Kitchen/FreeKitchen/Prefabs/Version01/CoffeeMakerWithPlateCup.prefab
  artifactKey: Guid(84202f826ed8049968b0038cb85cd90c) Importer(815301076,1909f56bfc062723c751e8b465ee728b)
Start importing Assets/Kitchen/Package04_Free_Kitchen/FreeKitchen/Prefabs/Version01/CoffeeMakerWithPlateCup.prefab using Guid(84202f826ed8049968b0038cb85cd90c) Importer(815301076,1909f56bfc062723c751e8b465ee728b)  -> (artifact id: 'b9b24e8c7cc8fc6848865a2ad1babdd1') in 0.017713 seconds 
========================================================================
Received Import Request.
  Time since last request: 0.000062 seconds.
  path: Assets/Kitchen/Package04_Free_Kitchen/FreeKitchen/Prefabs/Version01/FreeCoffeeMaker.prefab
  artifactKey: Guid(ac1e2f579e2e5408e9f4bf42f8d68867) Importer(815301076,1909f56bfc062723c751e8b465ee728b)
Start importing Assets/Kitchen/Package04_Free_Kitchen/FreeKitchen/Prefabs/Version01/FreeCoffeeMaker.prefab using Guid(ac1e2f579e2e5408e9f4bf42f8d68867) Importer(815301076,1909f56bfc062723c751e8b465ee728b)  -> (artifact id: '2cdf776156da21aa80bf8adbc2e1ba74') in 0.011653 seconds 
========================================================================
Received Import Request.
  Time since last request: 0.000035 seconds.
  path: Assets/Kitchen/Package04_Free_Kitchen/FreeKitchen/Prefabs/Version01/FreeBowl02.prefab
  artifactKey: Guid(e0cd751eb70ae4bf8bdf7f8885891659) Importer(815301076,1909f56bfc062723c751e8b465ee728b)
Start importing Assets/Kitchen/Package04_Free_Kitchen/FreeKitchen/Prefabs/Version01/FreeBowl02.prefab using Guid(e0cd751eb70ae4bf8bdf7f8885891659) Importer(815301076,1909f56bfc062723c751e8b465ee728b)  -> (artifact id: '0c405db18a3df7f8065b9d11f857963a') in 0.013549 seconds 
========================================================================
Received Import Request.
  Time since last request: 0.000062 seconds.
  path: Assets/Kitchen/Package04_Free_Kitchen/FreeKitchen/Prefabs/Version01/FreeRefrigerator.prefab
  artifactKey: Guid(c726bfcdf3ad842acb677a25d9f13872) Importer(815301076,1909f56bfc062723c751e8b465ee728b)
Start importing Assets/Kitchen/Package04_Free_Kitchen/FreeKitchen/Prefabs/Version01/FreeRefrigerator.prefab using Guid(c726bfcdf3ad842acb677a25d9f13872) Importer(815301076,1909f56bfc062723c751e8b465ee728b)  -> (artifact id: 'db53d6ae80db805d20a537abb80cfeee') in 0.013639 seconds 
========================================================================
Received Import Request.
  Time since last request: 0.000066 seconds.
  path: Assets/Kitchen/Package04_Free_Kitchen/FreeKitchen/Prefabs/Version01/FreeLamp.prefab
  artifactKey: Guid(b4bf0657188dd44ff878e2fb0dba8d20) Importer(815301076,1909f56bfc062723c751e8b465ee728b)
Start importing Assets/Kitchen/Package04_Free_Kitchen/FreeKitchen/Prefabs/Version01/FreeLamp.prefab using Guid(b4bf0657188dd44ff878e2fb0dba8d20) Importer(815301076,1909f56bfc062723c751e8b465ee728b)  -> (artifact id: 'cf135653f3a0262c51d77ca13905c4f0') in 0.011900 seconds 
========================================================================
Received Import Request.
  Time since last request: 0.000045 seconds.
  path: Assets/Kitchen/Package04_Free_Kitchen/FreeKitchen/Prefabs/Version01/FreePotSmall.prefab
  artifactKey: Guid(0ac0568c716d54caeaf29d681824d1cd) Importer(815301076,1909f56bfc062723c751e8b465ee728b)
Start importing Assets/Kitchen/Package04_Free_Kitchen/FreeKitchen/Prefabs/Version01/FreePotSmall.prefab using Guid(0ac0568c716d54caeaf29d681824d1cd) Importer(815301076,1909f56bfc062723c751e8b465ee728b)  -> (artifact id: '3111f2a6d9f02925bda6854e9f1a1ee1') in 0.012714 seconds 
========================================================================
Received Import Request.
  Time since last request: 0.000047 seconds.
  path: Assets/Kitchen/Package04_Free_Kitchen/FreeKitchen/Prefabs/Version01/FreeCabinet01.prefab
  artifactKey: Guid(354b0d9c827f64fe8bad65aee9c06c4b) Importer(815301076,1909f56bfc062723c751e8b465ee728b)
Start importing Assets/Kitchen/Package04_Free_Kitchen/FreeKitchen/Prefabs/Version01/FreeCabinet01.prefab using Guid(354b0d9c827f64fe8bad65aee9c06c4b) Importer(815301076,1909f56bfc062723c751e8b465ee728b)  -> (artifact id: '51d4be4c8e74fe6080304f11a094a08a') in 0.014336 seconds 
========================================================================
Received Import Request.
  Time since last request: 0.000051 seconds.
  path: Assets/Kitchen/Package04_Free_Kitchen/FreeKitchen/Prefabs/Version01/FreePotBig.prefab
  artifactKey: Guid(044f3c58650d74108a9ac96a17e43fc8) Importer(815301076,1909f56bfc062723c751e8b465ee728b)
Start importing Assets/Kitchen/Package04_Free_Kitchen/FreeKitchen/Prefabs/Version01/FreePotBig.prefab using Guid(044f3c58650d74108a9ac96a17e43fc8) Importer(815301076,1909f56bfc062723c751e8b465ee728b)  -> (artifact id: '25041f3e84166db7474c13581af434b5') in 0.012627 seconds 
========================================================================
Received Import Request.
  Time since last request: 0.000034 seconds.
  path: Assets/Kitchen/Package04_Free_Kitchen/FreeKitchen/Prefabs/Version01/FreeRoom_Version01.prefab
  artifactKey: Guid(de13c850f8a7c456c873573c794b96af) Importer(815301076,1909f56bfc062723c751e8b465ee728b)
Start importing Assets/Kitchen/Package04_Free_Kitchen/FreeKitchen/Prefabs/Version01/FreeRoom_Version01.prefab using Guid(de13c850f8a7c456c873573c794b96af) Importer(815301076,1909f56bfc062723c751e8b465ee728b)  -> (artifact id: '362bfb959e436acfada7ad4f8db18b4e') in 0.131275 seconds 
========================================================================
Received Import Request.
  Time since last request: 0.000068 seconds.
  path: Assets/Kitchen/Package04_Free_Kitchen/FreeKitchen/Prefabs/Version01/FreeToaster.prefab
  artifactKey: Guid(3eff626206b794d0abf02d51967ec8e3) Importer(815301076,1909f56bfc062723c751e8b465ee728b)
Start importing Assets/Kitchen/Package04_Free_Kitchen/FreeKitchen/Prefabs/Version01/FreeToaster.prefab using Guid(3eff626206b794d0abf02d51967ec8e3) Importer(815301076,1909f56bfc062723c751e8b465ee728b)  -> (artifact id: '5dc78b4703ab68cf39e0190a105c0c4d') in 0.017352 seconds 
========================================================================
Received Import Request.
  Time since last request: 0.000035 seconds.
  path: Assets/Kitchen/Package04_Free_Kitchen/FreeKitchen/Prefabs/Version01/FreeCabinet01_DoorLeft.prefab
  artifactKey: Guid(1a38065cf7a124a358a86f6ac65a1a34) Importer(815301076,1909f56bfc062723c751e8b465ee728b)
Start importing Assets/Kitchen/Package04_Free_Kitchen/FreeKitchen/Prefabs/Version01/FreeCabinet01_DoorLeft.prefab using Guid(1a38065cf7a124a358a86f6ac65a1a34) Importer(815301076,1909f56bfc062723c751e8b465ee728b)  -> (artifact id: 'cec4fd3a6b3f436be11b9619fb84a70f') in 0.011814 seconds 
========================================================================
Received Prepare
Registering precompiled user dll's ...
Registered in 0.001251 seconds.
Begin MonoManager ReloadAssembly
Thread 0x280f8b000 may have been prematurely finalized
Symbol file LoadedFromMemory doesn't match image /Users/suresh/Human/Library/PackageCache/com.unity.visualscripting@1.8.0/Editor/VisualScripting.Core/Dependencies/YamlDotNet/Unity.VisualScripting.YamlDotNet.dll
Symbol file LoadedFromMemory doesn't match image /Users/suresh/Human/Library/PackageCache/com.unity.visualscripting@1.8.0/Editor/VisualScripting.Core/Dependencies/DotNetZip/Unity.VisualScripting.IonicZip.dll
Native extension for OSXStandalone target not found
Refreshing native plugins compatible for Editor in 0.49 ms, found 2 plugins.
Preloading 0 native plugins for Editor in 0.00 ms.
Mono: successfully reloaded assembly
- Completed reload, in  0.610 seconds
Domain Reload Profiling:
	ReloadAssembly (610ms)
		BeginReloadAssembly (116ms)
			ExecutionOrderSort (0ms)
			DisableScriptedObjects (7ms)
			BackupInstance (0ms)
			ReleaseScriptingObjects (0ms)
			CreateAndSetChildDomain (46ms)
		EndReloadAssembly (437ms)
			LoadAssemblies (45ms)
			RebuildTransferFunctionScriptingTraits (0ms)
			SetupTypeCache (181ms)
			ReleaseScriptCaches (2ms)
			RebuildScriptCaches (32ms)
			SetupLoadedEditorAssemblies (162ms)
				LogAssemblyErrors (0ms)
				InitializePlatformSupportModulesInManaged (2ms)
				SetLoadedEditorAssemblies (0ms)
				RefreshPlugins (1ms)
				BeforeProcessingInitializeOnLoad (36ms)
				ProcessInitializeOnLoadAttributes (112ms)
				ProcessInitializeOnLoadMethodAttributes (11ms)
				AfterProcessingInitializeOnLoad (1ms)
				EditorAssembliesLoaded (0ms)
			ExecutionOrderSort2 (0ms)
			AwakeInstancesAfterBackupRestoration (2ms)
Platform modules already initialized, skipping
Refreshing native plugins compatible for Editor in 0.73 ms, found 2 plugins.
Preloading 0 native plugins for Editor in 0.00 ms.
Unloading 3046 Unused Serialized files (Serialized files now loaded: 0)
Unloading 17 unused Assets / (45.1 KB). Loaded Objects now: 3591.
Memory consumption went from 118.1 MB to 118.0 MB.
Total: 2.151042 ms (FindLiveObjects: 0.131959 ms CreateObjectMapping: 0.042584 ms MarkObjects: 1.921334 ms  DeleteObjects: 0.054417 ms)

AssetImportParameters requested are different than current active one (requested -> active):
  custom:video-decoder-ogg-theora: a1e56fd34408186e4bbccfd4996cb3dc -> 
  custom:container-muxer-webm: aa71ff27fc2769a1b78a27578f13a17b -> 
  custom:container-demuxer-webm: 4f35f7cbe854078d1ac9338744f61a02 -> 
  custom:video-encoder-webm-vp8: eb34c28f22e8b96e1ab97ce403110664 -> 
  custom:framework-osx-AVFoundation: e770b220cccbd017edd2c1fefb359320 -> 
  custom:audio-encoder-webm-vorbis: bf7c407c2cedff20999df2af8eb42d56 -> 
  custom:container-demuxer-ogg: 62fdf1f143b41e24485cea50d1cbac27 -> 
  custom:video-decoder-webm-vp8: 9c59270c3fd7afecdb556c50c9e8de78 -> 
  custom:audio-decoder-ogg-vorbis: bf7c407c2cedff20999df2af8eb42d56 -> 
========================================================================
Received Import Request.
  Time since last request: 52.493088 seconds.
  path: Assets/Kitchen/Package04_Free_Kitchen/FreeKitchen/Models/FreeBowl01.fbx
  artifactKey: Guid(8f04299fce5804de899d83d33b03de23) Importer(815301076,1909f56bfc062723c751e8b465ee728b)
Start importing Assets/Kitchen/Package04_Free_Kitchen/FreeKitchen/Models/FreeBowl01.fbx using Guid(8f04299fce5804de899d83d33b03de23) Importer(815301076,1909f56bfc062723c751e8b465ee728b)  -> (artifact id: 'de26ccbd7dc65dd6c3eb880e46451001') in 0.098812 seconds 
========================================================================
Received Import Request.
  Time since last request: 0.000062 seconds.
  path: Assets/Kitchen/Package04_Free_Kitchen/FreeKitchen/Models/FreeChair.fbx
  artifactKey: Guid(2f0698271348440e3b2e5827abb32eec) Importer(815301076,1909f56bfc062723c751e8b465ee728b)
Start importing Assets/Kitchen/Package04_Free_Kitchen/FreeKitchen/Models/FreeChair.fbx using Guid(2f0698271348440e3b2e5827abb32eec) Importer(815301076,1909f56bfc062723c751e8b465ee728b)  -> (artifact id: '17a82a46a80fc19c110974a3a4dde71a') in 0.021291 seconds 
========================================================================
Received Import Request.
  Time since last request: 0.000048 seconds.
  path: Assets/Kitchen/Package04_Free_Kitchen/FreeKitchen/Models/FreeToaster.fbx
  artifactKey: Guid(a4595afe082c14292a6a0728f327f0a9) Importer(815301076,1909f56bfc062723c751e8b465ee728b)
Start importing Assets/Kitchen/Package04_Free_Kitchen/FreeKitchen/Models/FreeToaster.fbx using Guid(a4595afe082c14292a6a0728f327f0a9) Importer(815301076,1909f56bfc062723c751e8b465ee728b)  -> (artifact id: '945b51528ab7be4923359036c5962c4d') in 0.035367 seconds 
========================================================================
Received Import Request.
  Time since last request: 0.000166 seconds.
  path: Assets/Kitchen/Package04_Free_Kitchen/FreeKitchen/Models/FreeCoffeeMaker.fbx
  artifactKey: Guid(fb230ce10f3ae484383e817ba4021312) Importer(815301076,1909f56bfc062723c751e8b465ee728b)
Start importing Assets/Kitchen/Package04_Free_Kitchen/FreeKitchen/Models/FreeCoffeeMaker.fbx using Guid(fb230ce10f3ae484383e817ba4021312) Importer(815301076,1909f56bfc062723c751e8b465ee728b)  -> (artifact id: '01322a3870bad18b230992f0b7d02035') in 0.018684 seconds 
========================================================================
Received Import Request.
  Time since last request: 0.000045 seconds.
  path: Assets/Kitchen/Package04_Free_Kitchen/FreeKitchen/Models/FreePlate.fbx
  artifactKey: Guid(07b03dd64de72415c8fbbd227601bc41) Importer(815301076,1909f56bfc062723c751e8b465ee728b)
Start importing Assets/Kitchen/Package04_Free_Kitchen/FreeKitchen/Models/FreePlate.fbx using Guid(07b03dd64de72415c8fbbd227601bc41) Importer(815301076,1909f56bfc062723c751e8b465ee728b)  -> (artifact id: '9cc3ec27f58afe8d1f66b7ef68ef1c06') in 0.019952 seconds 
========================================================================
Received Import Request.
  Time since last request: 0.000044 seconds.
  path: Assets/Kitchen/Package04_Free_Kitchen/FreeKitchen/Models/FreeRefrigerator.fbx
  artifactKey: Guid(2b7c965ce965046faab61e0ccfefac3b) Importer(815301076,1909f56bfc062723c751e8b465ee728b)
Start importing Assets/Kitchen/Package04_Free_Kitchen/FreeKitchen/Models/FreeRefrigerator.fbx using Guid(2b7c965ce965046faab61e0ccfefac3b) Importer(815301076,1909f56bfc062723c751e8b465ee728b)  -> (artifact id: 'af27aa354821df09bd538df7accf9b89') in 0.044342 seconds 
========================================================================
Received Import Request.
  Time since last request: 0.000073 seconds.
  path: Assets/Kitchen/Package04_Free_Kitchen/FreeKitchen/Models/FreeExtractorHood.fbx
  artifactKey: Guid(673d5702877994d0493b648ed35b6326) Importer(815301076,1909f56bfc062723c751e8b465ee728b)
Start importing Assets/Kitchen/Package04_Free_Kitchen/FreeKitchen/Models/FreeExtractorHood.fbx using Guid(673d5702877994d0493b648ed35b6326) Importer(815301076,1909f56bfc062723c751e8b465ee728b)  -> (artifact id: '1ee49a373de368ae8957e7965702086a') in 0.016139 seconds 
========================================================================
Received Import Request.
  Time since last request: 0.000050 seconds.
  path: Assets/Kitchen/Package04_Free_Kitchen/FreeKitchen/Models/FreeShelf.fbx
  artifactKey: Guid(afaeced10297a41728c31de1b878c4a1) Importer(815301076,1909f56bfc062723c751e8b465ee728b)
Start importing Assets/Kitchen/Package04_Free_Kitchen/FreeKitchen/Models/FreeShelf.fbx using Guid(afaeced10297a41728c31de1b878c4a1) Importer(815301076,1909f56bfc062723c751e8b465ee728b)  -> (artifact id: '2c7f7fb85e7280907b659453d7d7c625') in 0.019857 seconds 
========================================================================
Received Import Request.
  Time since last request: 0.000059 seconds.
  path: Assets/Kitchen/Package04_Free_Kitchen/FreeKitchen/Models/FreeCabinet02.fbx
  artifactKey: Guid(0d30ee00960d341658b4d224edd6c6f2) Importer(815301076,1909f56bfc062723c751e8b465ee728b)
Start importing Assets/Kitchen/Package04_Free_Kitchen/FreeKitchen/Models/FreeCabinet02.fbx using Guid(0d30ee00960d341658b4d224edd6c6f2) Importer(815301076,1909f56bfc062723c751e8b465ee728b)  -> (artifact id: 'e898746ef06e7666b02ad8239272b908') in 0.022270 seconds 
========================================================================
Received Import Request.
  Time since last request: 0.000036 seconds.
  path: Assets/Kitchen/Package04_Free_Kitchen/FreeKitchen/Models/FreeVase.fbx
  artifactKey: Guid(ed6105ec8aa2a4c9282c15aa8f7e91e4) Importer(815301076,1909f56bfc062723c751e8b465ee728b)
Start importing Assets/Kitchen/Package04_Free_Kitchen/FreeKitchen/Models/FreeVase.fbx using Guid(ed6105ec8aa2a4c9282c15aa8f7e91e4) Importer(815301076,1909f56bfc062723c751e8b465ee728b)  -> (artifact id: 'dba25b7d44584c2c820ad6a8111edab7') in 0.015840 seconds 
========================================================================
Received Import Request.
  Time since last request: 0.000042 seconds.
  path: Assets/Kitchen/Package04_Free_Kitchen/FreeKitchen/Models/FreeSpatula03.fbx
  artifactKey: Guid(6d5a0e8dc92984c4e93c7a59dbc69297) Importer(815301076,1909f56bfc062723c751e8b465ee728b)
Start importing Assets/Kitchen/Package04_Free_Kitchen/FreeKitchen/Models/FreeSpatula03.fbx using Guid(6d5a0e8dc92984c4e93c7a59dbc69297) Importer(815301076,1909f56bfc062723c751e8b465ee728b)  -> (artifact id: '23e353a855465e7ce83ed43c1dd10939') in 0.019860 seconds 
========================================================================
Received Import Request.
  Time since last request: 0.000165 seconds.
  path: Assets/Kitchen/Package04_Free_Kitchen/FreeKitchen/Models/FreePotBig.fbx
  artifactKey: Guid(acce37bfef401453e92444b207aaeb59) Importer(815301076,1909f56bfc062723c751e8b465ee728b)
Start importing Assets/Kitchen/Package04_Free_Kitchen/FreeKitchen/Models/FreePotBig.fbx using Guid(acce37bfef401453e92444b207aaeb59) Importer(815301076,1909f56bfc062723c751e8b465ee728b)  -> (artifact id: 'c99e3184124210fd5dbe24d0cca72f5c') in 0.023745 seconds 
========================================================================
Received Import Request.
  Time since last request: 0.000048 seconds.
  path: Assets/Kitchen/Package04_Free_Kitchen/FreeKitchen/Models/FreeCabinet03_DrawerBig.fbx
  artifactKey: Guid(d1c98a9ae66fa4a35818bf0bdc74e7eb) Importer(815301076,1909f56bfc062723c751e8b465ee728b)
Start importing Assets/Kitchen/Package04_Free_Kitchen/FreeKitchen/Models/FreeCabinet03_DrawerBig.fbx using Guid(d1c98a9ae66fa4a35818bf0bdc74e7eb) Importer(815301076,1909f56bfc062723c751e8b465ee728b)  -> (artifact id: '1e7a97483eb0c507a9ebfc10b79b686c') in 0.019764 seconds 
========================================================================
Received Import Request.
  Time since last request: 0.000103 seconds.
  path: Assets/Kitchen/Package04_Free_Kitchen/FreeKitchen/Models/FreePotSmall.fbx
  artifactKey: Guid(3e4f1f36d48bc48bf9375ae3198a0f86) Importer(815301076,1909f56bfc062723c751e8b465ee728b)
Start importing Assets/Kitchen/Package04_Free_Kitchen/FreeKitchen/Models/FreePotSmall.fbx using Guid(3e4f1f36d48bc48bf9375ae3198a0f86) Importer(815301076,1909f56bfc062723c751e8b465ee728b)  -> (artifact id: 'a8f2802c0e3f6dd5aa45d1e905eb8941') in 0.012501 seconds 
========================================================================
Received Import Request.
  Time since last request: 0.000091 seconds.
  path: Assets/Kitchen/Package04_Free_Kitchen/FreeKitchen/Models/FreeTable.fbx
  artifactKey: Guid(9040cbe13a7804fc488052de53602ff8) Importer(815301076,1909f56bfc062723c751e8b465ee728b)
Start importing Assets/Kitchen/Package04_Free_Kitchen/FreeKitchen/Models/FreeTable.fbx using Guid(9040cbe13a7804fc488052de53602ff8) Importer(815301076,1909f56bfc062723c751e8b465ee728b)  -> (artifact id: '23b5bedd6116dc9fe59597cb8afdb237') in 0.016415 seconds 
========================================================================
Received Import Request.
  Time since last request: 0.000071 seconds.
  path: Assets/Kitchen/Package04_Free_Kitchen/FreeKitchen/Models/FreeLamp.fbx
  artifactKey: Guid(dfa479f5f208b4bb4ae3ecf2345b1710) Importer(815301076,1909f56bfc062723c751e8b465ee728b)
Start importing Assets/Kitchen/Package04_Free_Kitchen/FreeKitchen/Models/FreeLamp.fbx using Guid(dfa479f5f208b4bb4ae3ecf2345b1710) Importer(815301076,1909f56bfc062723c751e8b465ee728b)  -> (artifact id: 'd6bda4b12e90561f64215555d4c66724') in 0.015813 seconds 
========================================================================
Received Import Request.
  Time since last request: 0.000039 seconds.
  path: Assets/Kitchen/Package04_Free_Kitchen/FreeKitchen/Models/FreeCup02.fbx
  artifactKey: Guid(02bdf42aac25342d88e59b946aed3b31) Importer(815301076,1909f56bfc062723c751e8b465ee728b)
Start importing Assets/Kitchen/Package04_Free_Kitchen/FreeKitchen/Models/FreeCup02.fbx using Guid(02bdf42aac25342d88e59b946aed3b31) Importer(815301076,1909f56bfc062723c751e8b465ee728b)  -> (artifact id: '5086ddbe0941d983503cec98d7e114c4') in 0.016932 seconds 
========================================================================
Received Import Request.
  Time since last request: 0.000085 seconds.
  path: Assets/Kitchen/Package04_Free_Kitchen/FreeKitchen/Models/FreeSpoon.fbx
  artifactKey: Guid(ebf25730584934c188355eb62ca72e7b) Importer(815301076,1909f56bfc062723c751e8b465ee728b)
Start importing Assets/Kitchen/Package04_Free_Kitchen/FreeKitchen/Models/FreeSpoon.fbx using Guid(ebf25730584934c188355eb62ca72e7b) Importer(815301076,1909f56bfc062723c751e8b465ee728b)  -> (artifact id: 'b9b569d4d9b2a5641f28dd64c64db023') in 0.013379 seconds 
========================================================================
Received Import Request.
  Time since last request: 0.000038 seconds.
  path: Assets/Kitchen/Package04_Free_Kitchen/FreeKitchen/Models/FreeCabinet01_DoorLeft.fbx
  artifactKey: Guid(665d38aa7cbdb44158a5b4b71567bb13) Importer(815301076,1909f56bfc062723c751e8b465ee728b)
Start importing Assets/Kitchen/Package04_Free_Kitchen/FreeKitchen/Models/FreeCabinet01_DoorLeft.fbx using Guid(665d38aa7cbdb44158a5b4b71567bb13) Importer(815301076,1909f56bfc062723c751e8b465ee728b)  -> (artifact id: 'a5fb842535f070bdcd853e93de62af99') in 0.014404 seconds 
